<?xml version="1.0" encoding="utf-8"?><testsuites><testsuite name="pytest" errors="0" failures="0" skipped="0" tests="95" time="45.664" timestamp="2025-03-21T16:31:07.204634+01:00" hostname="mugo"><testcase classname="agp.fasta" name="agp.fasta.print_fasta" time="0.001" /><testcase classname="agp.join" name="agp.join.JoinGroup" time="0.001" /><testcase classname="agp.split" name="agp.split.split_contig" time="0.001" /><testcase classname="tests.test_agp" name="test_parse_gap_row" time="0.000" /><testcase classname="tests.test_agp" name="test_parse_contig_row" time="0.000" /><testcase classname="tests.test_agp" name="test_parse_misformatted_row" time="0.000" /><testcase classname="tests.test_agp" name="test_row_equality[scaffold_18\t8679231\t8679730\t28\tN\t500\tscaffold\tyes\tna-scaffold_18\t8679231\t8679730\t28\tN\t500\tscaffold\tyes\tna-True]" time="0.000" /><testcase classname="tests.test_agp" name="test_row_equality[scaffold_18\t7309250\t8679230\t27\tW\ttig00005023|arrow|arrow\t1\t1369981\t+-scaffold_18\t7309250\t8679230\t27\tW\ttig00005023|arrow|arrow\t1\t1369981\t+-True]" time="0.000" /><testcase classname="tests.test_agp" name="test_row_equality[scaffold_18\t8679231\t8679730\t28\tN\t500\tscaffold\tyes\tna-scaffold_18\t7309250\t8679230\t27\tW\ttig00005023|arrow|arrow\t1\t1369981\t+-False]" time="0.000" /><testcase classname="tests.test_agp" name="test_gap_row_to_str" time="0.000" /><testcase classname="tests.test_agp" name="test_contig_row_to_str" time="0.000" /><testcase classname="tests.test_agp" name="test_contains" time="0.000" /><testcase classname="tests.test_agp" name="test_init_gaprow" time="0.000" /><testcase classname="tests.test_agp" name="test_read" time="0.001" /><testcase classname="tests.test_assemble" name="test_assemble" time="44.321" /><testcase classname="tests.test_assemble" name="test_assemble_help" time="0.004" /><testcase classname="tests.test_assemble" name="test_assemble_empty_agp" time="0.464" /><testcase classname="tests.test_assemble" name="test_reverse_complement" time="0.000" /><testcase classname="tests.test_assemble" name="test_no_such_contig" time="0.456" /><testcase classname="tests.test_bed" name="test_read_bed" time="0.000" /><testcase classname="tests.test_bed" name="test_read_bad_bed" time="0.000" /><testcase classname="tests.test_bed" name="test_read_bad_bed_line[scaffold_11\t68766634]" time="0.000" /><testcase classname="tests.test_bed" name="test_read_bad_bed_line[scaffold_11\t68767135   88214406]" time="0.000" /><testcase classname="tests.test_bed" name="test_read_bad_bed_line[scaffold_12\t703q4537\t87137069]" time="0.000" /><testcase classname="tests.test_bed" name="test_bed_to_string[bed_line0-scaffold_11\t1\t68766634]" time="0.000" /><testcase classname="tests.test_bed" name="test_bed_to_string[bed_line1-scaffold_11]" time="0.000" /><testcase classname="tests.test_bed" name="test_bed_to_string[bed_line2-scaffold_11\t1\t2\t+\tblah\tblee\tbleh]" time="0.000" /><testcase classname="tests.test_flip" name="test_reverse_rows" time="0.000" /><testcase classname="tests.test_flip" name="test_flip" time="0.004" /><testcase classname="tests.test_flip" name="test_flip_help" time="0.003" /><testcase classname="tests.test_flip" name="test_bad_flip[flip_bed_range0-EmptyRangeError-range scaffold_18:1-100000 does]" time="0.001" /><testcase classname="tests.test_flip" name="test_bad_flip[flip_bed_range1-BadRangeError-range scaffold_18:1930402-2637458 starts]" time="0.001" /><testcase classname="tests.test_join" name="test_parse_joins" time="0.001" /><testcase classname="tests.test_join" name="test_parse_named_joins" time="0.001" /><testcase classname="tests.test_join" name="test_scaffold_used_twice_error[scaffold_1,-scaffold_2,+scaffold_3\nscaffold_3,+scaffold_5]" time="0.001" /><testcase classname="tests.test_join" name="test_scaffold_used_twice_error[scaffold_1,-scaffold_2\n-scaffold_3,scaffold_2,scaffold_3]" time="0.001" /><testcase classname="tests.test_join" name="test_scaffold_used_twice_error[scaffold_1,-scaffold_2,+scaffold_3\n+scaffold_3,+scaffold_5]" time="0.001" /><testcase classname="tests.test_join" name="test_scaffold_used_twice_error[scaffold_1,-scaffold_2,+scaffold_3\n-scaffold_3,+scaffold_5]" time="0.001" /><testcase classname="tests.test_join" name="test_bad_sequence_name_error" time="0.001" /><testcase classname="tests.test_join" name="test_make_superscaffold_name[old_names0-scaffold_3p4p5]" time="0.000" /><testcase classname="tests.test_join" name="test_make_superscaffold_name[old_names1-contig2pscaffold_4pchr1]" time="0.000" /><testcase classname="tests.test_join" name="test_make_superscaffold_name[old_names2-scaffold_1pcontig_2pscaffold_3]" time="0.000" /><testcase classname="tests.test_join" name="test_run_join[scaffold_17,-scaffold_16-test_join_1.agp]" time="0.004" /><testcase classname="tests.test_join" name="test_run_join[+scaffold_18,-scaffold_16\n-scaffold_17\tchr2-test_join_2.agp]" time="0.003" /><testcase classname="tests.test_join" name="test_run_join[-scaffold_16,+scaffold_17\tchr2\n-scaffold_18-test_join_3.agp]" time="0.003" /><testcase classname="tests.test_join" name="test_scaffold_not_found" time="0.001" /><testcase classname="tests.test_remove" name="test_remove_help" time="0.003" /><testcase classname="tests.test_remove" name="test_remove" time="0.004" /><testcase classname="tests.test_remove" name="test_run_remove" time="0.001" /><testcase classname="tests.test_remove" name="test_remove_scaffold_not_found_error" time="0.001" /><testcase classname="tests.test_rename" name="test_parse_renaming_file" time="0.001" /><testcase classname="tests.test_rename" name="test_format_error_not_enough_columns" time="0.001" /><testcase classname="tests.test_rename" name="test_format_error_bad_orientation" time="0.001" /><testcase classname="tests.test_rename" name="test_run_rename[rename_map0-renamed_1.agp]" time="0.002" /><testcase classname="tests.test_rename" name="test_run_rename[rename_map1-renamed_2.agp]" time="0.002" /><testcase classname="tests.test_rename" name="test_run_rename[rename_map2-renamed_3.agp]" time="0.002" /><testcase classname="tests.test_rename" name="test_rename_main[rename_map0-renamed_1.agp]" time="0.004" /><testcase classname="tests.test_rename" name="test_rename_main[rename_map1-renamed_2.agp]" time="0.004" /><testcase classname="tests.test_rename" name="test_rename_main[rename_map2-renamed_3.agp]" time="0.004" /><testcase classname="tests.test_rename" name="test_rename_scaffold_not_found_error" time="0.001" /><testcase classname="tests.test_sanitize" name="test_sanitize_help" time="0.003" /><testcase classname="tests.test_sanitize" name="test_sanitize_main" time="0.005" /><testcase classname="tests.test_split" name="test_parse_breakpoints" time="0.001" /><testcase classname="tests.test_split" name="test_parse_breakpoints_bad_format[scaffold_16\t4258995,210r66364\nscaffold_17\t1234,5679]" time="0.001" /><testcase classname="tests.test_split" name="test_parse_breakpoints_bad_format[scaffold_16\t4258995,21066364\nscaffold_17]" time="0.001" /><testcase classname="tests.test_split" name="test_parse_breakpoints_bad_format[scaffold_16\t4258995,21066364\nscaffold_17    1234,5679]" time="0.001" /><testcase classname="tests.test_split" name="test_parse_breakpoints_bad_format[scaffold_16\t4258995,21066364\nscaffold_16\t1234,5679]" time="0.001" /><testcase classname="tests.test_split" name="test_unoffset_rows" time="0.000" /><testcase classname="tests.test_split" name="test_convert_rows" time="0.000" /><testcase classname="tests.test_split" name="test_split_scaffold[in_agp_strings0-break_locations0-out_agp_strings0]" time="0.001" /><testcase classname="tests.test_split" name="test_split_scaffold[in_agp_strings1-break_locations1-out_agp_strings1]" time="0.000" /><testcase classname="tests.test_split" name="test_split_scaffold[in_agp_strings2-break_locations2-out_agp_strings2]" time="0.001" /><testcase classname="tests.test_split" name="test_split_scaffold[in_agp_strings3-break_locations3-out_agp_strings3]" time="0.001" /><testcase classname="tests.test_split" name="test_split_contig[scfd1\t1\t1000\t1\tW\tctg1\t1\t1000\t+-out_agp_strings0]" time="0.001" /><testcase classname="tests.test_split" name="test_split_contig[scfd2\t1\t1000\t1\tW\tctg2\t1\t1000\t--out_agp_strings1]" time="0.000" /><testcase classname="tests.test_split" name="test_split_help" time="0.003" /><testcase classname="tests.test_split" name="test_split_main[test_breaks1.tsv-test_split1.agp]" time="0.004" /><testcase classname="tests.test_split" name="test_split_main[test_breaks2.tsv-test_split2.agp]" time="0.004" /><testcase classname="tests.test_transform" name="test_no_such_contig_error" time="0.001" /><testcase classname="tests.test_transform" name="test_bad_orientation_error" time="0.000" /><testcase classname="tests.test_transform" name="test_coordinate_not_found_error" time="0.001" /><testcase classname="tests.test_transform" name="test_unsupported_operation_error_coordinateless" time="0.001" /><testcase classname="tests.test_transform" name="test_unsupported_operation_multiple_scaffolds" time="0.001" /><testcase classname="tests.test_transform" name="test_transform_single_position[1-agp_row0-1]" time="0.000" /><testcase classname="tests.test_transform" name="test_transform_single_position[1-agp_row1-167]" time="0.000" /><testcase classname="tests.test_transform" name="test_transform_single_position[150-agp_row2-150]" time="0.000" /><testcase classname="tests.test_transform" name="test_transform_single_position[150-agp_row3-18]" time="0.000" /><testcase classname="tests.test_transform" name="test_transform_single_position[150-agp_row4-18]" time="0.000" /><testcase classname="tests.test_transform" name="test_transform_single_position[1-agp_row5-168]" time="0.000" /><testcase classname="tests.test_transform" name="test_transform_single_position[1-agp_row6-200]" time="0.000" /><testcase classname="tests.test_transform" name="test_transform_single_position[33-agp_row7-168]" time="0.000" /><testcase classname="tests.test_transform" name="test_transform_single_position[33-agp_row8-200]" time="0.000" /><testcase classname="tests.test_transform" name="test_transform_single_position[44-agp_row9-144]" time="0.000" /><testcase classname="tests.test_transform" name="test_transform_single_position[44-agp_row10-137]" time="0.000" /><testcase classname="tests.test_transform" name="test_transform_main" time="0.003" /></testsuite></testsuites>