<?xml version="1.0" encoding="utf-8"?><testsuites><testsuite name="pytest" errors="0" failures="0" skipped="0" tests="14" time="2.072" timestamp="2025-03-21T18:06:48.263624+01:00" hostname="mugo"><testcase classname="agp.fasta" name="agp.fasta.print_fasta" time="0.001" /><testcase classname="agp.join" name="agp.join.JoinGroup" time="0.001" /><testcase classname="agp.split" name="agp.split.split_contig" time="0.001" /><testcase classname="tests.test_agp" name="test_parse_gap_row" time="0.000" /><testcase classname="tests.test_agp" name="test_parse_contig_row" time="0.000" /><testcase classname="tests.test_agp" name="test_parse_misformatted_row" time="0.001" /><testcase classname="tests.test_agp" name="test_row_equality[scaffold_18\t8679231\t8679730\t28\tN\t500\tscaffold\tyes\tna-scaffold_18\t8679231\t8679730\t28\tN\t500\tscaffold\tyes\tna-True]" time="0.000" /><testcase classname="tests.test_agp" name="test_row_equality[scaffold_18\t7309250\t8679230\t27\tW\ttig00005023|arrow|arrow\t1\t1369981\t+-scaffold_18\t7309250\t8679230\t27\tW\ttig00005023|arrow|arrow\t1\t1369981\t+-True]" time="0.000" /><testcase classname="tests.test_agp" name="test_row_equality[scaffold_18\t8679231\t8679730\t28\tN\t500\tscaffold\tyes\tna-scaffold_18\t7309250\t8679230\t27\tW\ttig00005023|arrow|arrow\t1\t1369981\t+-False]" time="0.000" /><testcase classname="tests.test_agp" name="test_gap_row_to_str" time="0.000" /><testcase classname="tests.test_agp" name="test_contig_row_to_str" time="0.000" /><testcase classname="tests.test_agp" name="test_contains" time="0.000" /><testcase classname="tests.test_agp" name="test_init_gaprow" time="0.000" /><testcase classname="tests.test_agp" name="test_read" time="0.001" /><testcase time="0.002" /></testsuite></testsuites>